{
  "stats": {
    "suites": 1,
    "tests": 1,
    "passes": 1,
    "pending": 0,
    "failures": 0,
    "start": "2024-04-25T16:38:44.571Z",
    "end": "2024-04-25T16:38:51.716Z",
    "duration": 7145,
    "testsRegistered": 1,
    "passPercent": 100,
    "pendingPercent": 0,
    "other": 0,
    "hasOther": false,
    "skipped": 0,
    "hasSkipped": false
  },
  "results": [
    {
      "uuid": "19960b32-1af8-4d81-bc4a-60884ea1fef4",
      "title": "",
      "fullFile": "cypress/e2e/TestCases/VerifyUserLoginScenarios.cy.js",
      "file": "cypress/e2e/TestCases/VerifyUserLoginScenarios.cy.js",
      "beforeHooks": [],
      "afterHooks": [],
      "tests": [],
      "suites": [
        {
          "uuid": "09dd2798-8d31-4f7b-b077-0d4cbed4c0ed",
          "title": "Login as different users into organisation",
          "fullFile": "",
          "file": "",
          "beforeHooks": [],
          "afterHooks": [],
          "tests": [
            {
              "title": "Verify that user able to login as Account Manager",
              "fullTitle": "Login as different users into organisation Verify that user able to login as Account Manager",
              "timedOut": null,
              "duration": 7099,
              "state": "passed",
              "speed": "medium",
              "pass": true,
              "fail": false,
              "pending": false,
              "context": null,
              "code": "cy.log(\"**-Asserting the Account user successful login-**\");\nloginPage.loginMethod(testData.accManEmail, testData.accManPassword);\nloginPage.successfulLoginAssertion();",
              "err": {},
              "uuid": "07e622f9-87f7-44e4-aba2-5fc98e8dbf44",
              "parentUUID": "09dd2798-8d31-4f7b-b077-0d4cbed4c0ed",
              "isHook": false,
              "skipped": false
            }
          ],
          "suites": [],
          "passes": [
            "07e622f9-87f7-44e4-aba2-5fc98e8dbf44"
          ],
          "failures": [],
          "pending": [],
          "skipped": [],
          "duration": 7099,
          "root": false,
          "rootEmpty": false,
          "_timeout": 2000
        }
      ],
      "passes": [],
      "failures": [],
      "pending": [],
      "skipped": [],
      "duration": 0,
      "root": true,
      "rootEmpty": true,
      "_timeout": 2000
    }
  ],
  "meta": {
    "mocha": {
      "version": "7.0.1"
    },
    "mochawesome": {
      "options": {
        "quiet": true,
        "reportFilename": "mochawesome",
        "saveHtml": true,
        "saveJson": true,
        "consoleReporter": "spec",
        "useInlineDiffs": false,
        "code": true
      },
      "version": "7.1.3"
    },
    "marge": {
      "options": {
        "reportDir": "reports/mochawesome",
        "overwrite": false,
        "html": true,
        "json": true,
        "charts": true,
        "reportPageTitle": "custom-title",
        "embeddedScreenshots": true,
        "inlineAssets": true,
        "saveAllAttempts": false,
        "quiet": true
      },
      "version": "6.2.0"
    }
  }
}